{"/Users/philipackermann/Documents/Arbeit/GalileoPress/JavaScriptBuch/Quelltext/Kapitel5/ArtistRepository.js":{"path":"/Users/philipackermann/Documents/Arbeit/GalileoPress/JavaScriptBuch/Quelltext/Kapitel5/ArtistRepository.js","s":{"1":1,"2":3,"3":1,"4":5,"5":4,"6":4,"7":0,"8":1,"9":5,"10":2,"11":1,"12":4,"13":1,"14":1,"15":1},"b":{"1":[4,1],"2":[4,0],"3":[4,4]},"f":{"1":3,"2":5,"3":5,"4":2,"5":4,"6":1},"fnMap":{"1":{"name":"ArtistRepository","line":4,"loc":{"start":{"line":4,"column":0},"end":{"line":4,"column":28}}},"2":{"name":"(anonymous_2)","line":7,"loc":{"start":{"line":7,"column":33},"end":{"line":7,"column":50}}},"3":{"name":"(anonymous_3)","line":16,"loc":{"start":{"line":16,"column":38},"end":{"line":16,"column":58}}},"4":{"name":"(anonymous_4)","line":17,"loc":{"start":{"line":17,"column":31},"end":{"line":17,"column":48}}},"5":{"name":"(anonymous_5)","line":21,"loc":{"start":{"line":21,"column":36},"end":{"line":21,"column":53}}},"6":{"name":"(anonymous_6)","line":24,"loc":{"start":{"line":24,"column":38},"end":{"line":24,"column":49}}}},"statementMap":{"1":{"start":{"line":4,"column":0},"end":{"line":6,"column":1}},"2":{"start":{"line":5,"column":4},"end":{"line":5,"column":22}},"3":{"start":{"line":7,"column":0},"end":{"line":15,"column":2}},"4":{"start":{"line":8,"column":4},"end":{"line":14,"column":5}},"5":{"start":{"line":9,"column":8},"end":{"line":13,"column":9}},"6":{"start":{"line":10,"column":12},"end":{"line":10,"column":38}},"7":{"start":{"line":12,"column":12},"end":{"line":12,"column":52}},"8":{"start":{"line":16,"column":0},"end":{"line":20,"column":2}},"9":{"start":{"line":17,"column":4},"end":{"line":19,"column":18}},"10":{"start":{"line":18,"column":8},"end":{"line":18,"column":46}},"11":{"start":{"line":21,"column":0},"end":{"line":23,"column":2}},"12":{"start":{"line":22,"column":4},"end":{"line":22,"column":24}},"13":{"start":{"line":24,"column":0},"end":{"line":26,"column":2}},"14":{"start":{"line":25,"column":4},"end":{"line":25,"column":22}},"15":{"start":{"line":27,"column":0},"end":{"line":27,"column":51}}},"branchMap":{"1":{"line":8,"type":"if","locations":[{"start":{"line":8,"column":4},"end":{"line":8,"column":4}},{"start":{"line":8,"column":4},"end":{"line":8,"column":4}}]},"2":{"line":9,"type":"if","locations":[{"start":{"line":9,"column":8},"end":{"line":9,"column":8}},{"start":{"line":9,"column":8},"end":{"line":9,"column":8}}]},"3":{"line":9,"type":"binary-expr","locations":[{"start":{"line":9,"column":11},"end":{"line":9,"column":17}},{"start":{"line":9,"column":21},"end":{"line":9,"column":32}}]}}}}