TN:
SF:/Users/philipackermann/Documents/Arbeit/GalileoPress/JavaScriptBuch/Quelltext/Kapitel5/ArtistRepository.js
FN:4,ArtistRepository
FN:7,(anonymous_2)
FN:16,(anonymous_3)
FN:17,(anonymous_4)
FN:21,(anonymous_5)
FN:24,(anonymous_6)
FNF:6
FNH:6
FNDA:3,ArtistRepository
FNDA:5,(anonymous_2)
FNDA:5,(anonymous_3)
FNDA:2,(anonymous_4)
FNDA:4,(anonymous_5)
FNDA:1,(anonymous_6)
DA:4,1
DA:5,3
DA:7,1
DA:8,5
DA:9,4
DA:10,4
DA:12,0
DA:16,1
DA:17,5
DA:18,2
DA:21,1
DA:22,4
DA:24,1
DA:25,1
DA:27,1
LF:15
LH:14
BRDA:8,1,0,4
BRDA:8,1,1,1
BRDA:9,2,0,4
BRDA:9,2,1,0
BRDA:9,3,0,4
BRDA:9,3,1,4
BRF:6
BRH:5
end_of_record
